  Lab9.3.cpp
C:\Users\Oleg\source\repos\Lab9.3\Lab9.3\Lab9.3.cpp(32,1): warning C4326: return type of 'main' should be 'int' instead of 'void'
C:\Users\Oleg\source\repos\Lab9.3\Lab9.3\Lab9.3.cpp(33,12): warning C4244: 'argument': conversion from 'time_t' to 'unsigned int', possible loss of data
C:\Users\Oleg\source\repos\Lab9.3\Lab9.3\Lab9.3.cpp(52,23): warning C4018: '<': signed/unsigned mismatch
C:\Users\Oleg\source\repos\Lab9.3\Lab9.3\Lab9.3.cpp(97,23): warning C4018: '<': signed/unsigned mismatch
C:\Users\Oleg\source\repos\Lab9.3\Lab9.3\Lab9.3.cpp(107,23): warning C4018: '<': signed/unsigned mismatch
C:\Users\Oleg\source\repos\Lab9.3\Lab9.3\Lab9.3.cpp(121,11): warning C4566: character represented by universal-character-name '\u0414' cannot be represented in the current code page (1252)
C:\Users\Oleg\source\repos\Lab9.3\Lab9.3\Lab9.3.cpp(121,11): warning C4566: character represented by universal-character-name '\u043E' cannot be represented in the current code page (1252)
C:\Users\Oleg\source\repos\Lab9.3\Lab9.3\Lab9.3.cpp(121,11): warning C4566: character represented by universal-character-name '\u0434' cannot be represented in the current code page (1252)
C:\Users\Oleg\source\repos\Lab9.3\Lab9.3\Lab9.3.cpp(121,11): warning C4566: character represented by universal-character-name '\u0430' cannot be represented in the current code page (1252)
C:\Users\Oleg\source\repos\Lab9.3\Lab9.3\Lab9.3.cpp(121,11): warning C4566: character represented by universal-character-name '\u0442' cannot be represented in the current code page (1252)
C:\Users\Oleg\source\repos\Lab9.3\Lab9.3\Lab9.3.cpp(121,11): warning C4566: character represented by universal-character-name '\u0438' cannot be represented in the current code page (1252)
C:\Users\Oleg\source\repos\Lab9.3\Lab9.3\Lab9.3.cpp(121,11): warning C4566: character represented by universal-character-name '\u043C' cannot be represented in the current code page (1252)
C:\Users\Oleg\source\repos\Lab9.3\Lab9.3\Lab9.3.cpp(121,11): warning C4566: character represented by universal-character-name '\u0440' cannot be represented in the current code page (1252)
C:\Users\Oleg\source\repos\Lab9.3\Lab9.3\Lab9.3.cpp(121,11): warning C4566: character represented by universal-character-name '\u0448' cannot be represented in the current code page (1252)
C:\Users\Oleg\source\repos\Lab9.3\Lab9.3\Lab9.3.cpp(121,11): warning C4566: character represented by universal-character-name '\u0443' cannot be represented in the current code page (1252)
C:\Users\Oleg\source\repos\Lab9.3\Lab9.3\Lab9.3.cpp(122,4): warning C4566: character represented by universal-character-name '\u0412' cannot be represented in the current code page (1252)
C:\Users\Oleg\source\repos\Lab9.3\Lab9.3\Lab9.3.cpp(122,4): warning C4566: character represented by universal-character-name '\u0438' cannot be represented in the current code page (1252)
C:\Users\Oleg\source\repos\Lab9.3\Lab9.3\Lab9.3.cpp(122,4): warning C4566: character represented by universal-character-name '\u0434' cannot be represented in the current code page (1252)
C:\Users\Oleg\source\repos\Lab9.3\Lab9.3\Lab9.3.cpp(122,4): warning C4566: character represented by universal-character-name '\u0430' cannot be represented in the current code page (1252)
C:\Users\Oleg\source\repos\Lab9.3\Lab9.3\Lab9.3.cpp(122,4): warning C4566: character represented by universal-character-name '\u043B' cannot be represented in the current code page (1252)
C:\Users\Oleg\source\repos\Lab9.3\Lab9.3\Lab9.3.cpp(122,4): warning C4566: character represented by universal-character-name '\u0442' cannot be represented in the current code page (1252)
C:\Users\Oleg\source\repos\Lab9.3\Lab9.3\Lab9.3.cpp(122,4): warning C4566: character represented by universal-character-name '\u043C' cannot be represented in the current code page (1252)
C:\Users\Oleg\source\repos\Lab9.3\Lab9.3\Lab9.3.cpp(122,4): warning C4566: character represented by universal-character-name '\u0440' cannot be represented in the current code page (1252)
C:\Users\Oleg\source\repos\Lab9.3\Lab9.3\Lab9.3.cpp(122,4): warning C4566: character represented by universal-character-name '\u0448' cannot be represented in the current code page (1252)
C:\Users\Oleg\source\repos\Lab9.3\Lab9.3\Lab9.3.cpp(122,4): warning C4566: character represented by universal-character-name '\u0443' cannot be represented in the current code page (1252)
C:\Users\Oleg\source\repos\Lab9.3\Lab9.3\Lab9.3.cpp(123,4): warning C4566: character represented by universal-character-name '\u0420' cannot be represented in the current code page (1252)
C:\Users\Oleg\source\repos\Lab9.3\Lab9.3\Lab9.3.cpp(123,4): warning C4566: character represented by universal-character-name '\u0435' cannot be represented in the current code page (1252)
C:\Users\Oleg\source\repos\Lab9.3\Lab9.3\Lab9.3.cpp(123,4): warning C4566: character represented by universal-character-name '\u0434' cannot be represented in the current code page (1252)
C:\Users\Oleg\source\repos\Lab9.3\Lab9.3\Lab9.3.cpp(123,4): warning C4566: character represented by universal-character-name '\u0430' cannot be represented in the current code page (1252)
C:\Users\Oleg\source\repos\Lab9.3\Lab9.3\Lab9.3.cpp(123,4): warning C4566: character represented by universal-character-name '\u0433' cannot be represented in the current code page (1252)
C:\Users\Oleg\source\repos\Lab9.3\Lab9.3\Lab9.3.cpp(123,4): warning C4566: character represented by universal-character-name '\u0443' cannot be represented in the current code page (1252)
C:\Users\Oleg\source\repos\Lab9.3\Lab9.3\Lab9.3.cpp(123,4): warning C4566: character represented by universal-character-name '\u0432' cannot be represented in the current code page (1252)
C:\Users\Oleg\source\repos\Lab9.3\Lab9.3\Lab9.3.cpp(123,4): warning C4566: character represented by universal-character-name '\u0442' cannot be represented in the current code page (1252)
C:\Users\Oleg\source\repos\Lab9.3\Lab9.3\Lab9.3.cpp(123,4): warning C4566: character represented by universal-character-name '\u0438' cannot be represented in the current code page (1252)
C:\Users\Oleg\source\repos\Lab9.3\Lab9.3\Lab9.3.cpp(123,4): warning C4566: character represented by universal-character-name '\u043C' cannot be represented in the current code page (1252)
C:\Users\Oleg\source\repos\Lab9.3\Lab9.3\Lab9.3.cpp(123,4): warning C4566: character represented by universal-character-name '\u0440' cannot be represented in the current code page (1252)
C:\Users\Oleg\source\repos\Lab9.3\Lab9.3\Lab9.3.cpp(123,4): warning C4566: character represented by universal-character-name '\u0448' cannot be represented in the current code page (1252)
C:\Users\Oleg\source\repos\Lab9.3\Lab9.3\Lab9.3.cpp(124,4): warning C4566: character represented by universal-character-name '\u0421' cannot be represented in the current code page (1252)
C:\Users\Oleg\source\repos\Lab9.3\Lab9.3\Lab9.3.cpp(124,4): warning C4566: character represented by universal-character-name '\u043E' cannot be represented in the current code page (1252)
C:\Users\Oleg\source\repos\Lab9.3\Lab9.3\Lab9.3.cpp(124,4): warning C4566: character represented by universal-character-name '\u0440' cannot be represented in the current code page (1252)
C:\Users\Oleg\source\repos\Lab9.3\Lab9.3\Lab9.3.cpp(124,4): warning C4566: character represented by universal-character-name '\u0442' cannot be represented in the current code page (1252)
C:\Users\Oleg\source\repos\Lab9.3\Lab9.3\Lab9.3.cpp(124,4): warning C4566: character represented by universal-character-name '\u0443' cannot be represented in the current code page (1252)
C:\Users\Oleg\source\repos\Lab9.3\Lab9.3\Lab9.3.cpp(124,4): warning C4566: character represented by universal-character-name '\u0432' cannot be represented in the current code page (1252)
C:\Users\Oleg\source\repos\Lab9.3\Lab9.3\Lab9.3.cpp(124,4): warning C4566: character represented by universal-character-name '\u0430' cannot be represented in the current code page (1252)
C:\Users\Oleg\source\repos\Lab9.3\Lab9.3\Lab9.3.cpp(124,4): warning C4566: character represented by universal-character-name '\u0438' cannot be represented in the current code page (1252)
C:\Users\Oleg\source\repos\Lab9.3\Lab9.3\Lab9.3.cpp(124,4): warning C4566: character represented by universal-character-name '\u0437' cannot be represented in the current code page (1252)
C:\Users\Oleg\source\repos\Lab9.3\Lab9.3\Lab9.3.cpp(124,4): warning C4566: character represented by universal-character-name '\u043A' cannot be represented in the current code page (1252)
C:\Users\Oleg\source\repos\Lab9.3\Lab9.3\Lab9.3.cpp(124,4): warning C4566: character represented by universal-character-name '\u043B' cannot be represented in the current code page (1252)
C:\Users\Oleg\source\repos\Lab9.3\Lab9.3\Lab9.3.cpp(124,4): warning C4566: character represented by universal-character-name '\u0434' cannot be represented in the current code page (1252)
C:\Users\Oleg\source\repos\Lab9.3\Lab9.3\Lab9.3.cpp(125,4): warning C4566: character represented by universal-character-name '\u0412' cannot be represented in the current code page (1252)
C:\Users\Oleg\source\repos\Lab9.3\Lab9.3\Lab9.3.cpp(125,4): warning C4566: character represented by universal-character-name '\u0432' cannot be represented in the current code page (1252)
C:\Users\Oleg\source\repos\Lab9.3\Lab9.3\Lab9.3.cpp(125,4): warning C4566: character represented by universal-character-name '\u0435' cannot be represented in the current code page (1252)
C:\Users\Oleg\source\repos\Lab9.3\Lab9.3\Lab9.3.cpp(125,4): warning C4566: character represented by universal-character-name '\u0441' cannot be represented in the current code page (1252)
C:\Users\Oleg\source\repos\Lab9.3\Lab9.3\Lab9.3.cpp(125,4): warning C4566: character represented by universal-character-name '\u0442' cannot be represented in the current code page (1252)
C:\Users\Oleg\source\repos\Lab9.3\Lab9.3\Lab9.3.cpp(125,4): warning C4566: character represented by universal-character-name '\u0438' cannot be represented in the current code page (1252)
C:\Users\Oleg\source\repos\Lab9.3\Lab9.3\Lab9.3.cpp(125,4): warning C4566: character represented by universal-character-name '\u0447' cannot be represented in the current code page (1252)
C:\Users\Oleg\source\repos\Lab9.3\Lab9.3\Lab9.3.cpp(125,4): warning C4566: character represented by universal-character-name '\u0430' cannot be represented in the current code page (1252)
C:\Users\Oleg\source\repos\Lab9.3\Lab9.3\Lab9.3.cpp(126,4): warning C4566: character represented by universal-character-name '\u041F' cannot be represented in the current code page (1252)
C:\Users\Oleg\source\repos\Lab9.3\Lab9.3\Lab9.3.cpp(126,4): warning C4566: character represented by universal-character-name '\u043E' cannot be represented in the current code page (1252)
C:\Users\Oleg\source\repos\Lab9.3\Lab9.3\Lab9.3.cpp(126,4): warning C4566: character represented by universal-character-name '\u043A' cannot be represented in the current code page (1252)
C:\Users\Oleg\source\repos\Lab9.3\Lab9.3\Lab9.3.cpp(126,4): warning C4566: character represented by universal-character-name '\u0430' cannot be represented in the current code page (1252)
C:\Users\Oleg\source\repos\Lab9.3\Lab9.3\Lab9.3.cpp(126,4): warning C4566: character represented by universal-character-name '\u0437' cannot be represented in the current code page (1252)
C:\Users\Oleg\source\repos\Lab9.3\Lab9.3\Lab9.3.cpp(126,4): warning C4566: character represented by universal-character-name '\u0442' cannot be represented in the current code page (1252)
C:\Users\Oleg\source\repos\Lab9.3\Lab9.3\Lab9.3.cpp(126,4): warning C4566: character represented by universal-character-name '\u0438' cannot be represented in the current code page (1252)
C:\Users\Oleg\source\repos\Lab9.3\Lab9.3\Lab9.3.cpp(126,4): warning C4566: character represented by universal-character-name '\u0432' cannot be represented in the current code page (1252)
C:\Users\Oleg\source\repos\Lab9.3\Lab9.3\Lab9.3.cpp(126,4): warning C4566: character represented by universal-character-name '\u0441' cannot be represented in the current code page (1252)
C:\Users\Oleg\source\repos\Lab9.3\Lab9.3\Lab9.3.cpp(126,4): warning C4566: character represented by universal-character-name '\u0456' cannot be represented in the current code page (1252)
C:\Users\Oleg\source\repos\Lab9.3\Lab9.3\Lab9.3.cpp(126,4): warning C4566: character represented by universal-character-name '\u043C' cannot be represented in the current code page (1252)
C:\Users\Oleg\source\repos\Lab9.3\Lab9.3\Lab9.3.cpp(126,4): warning C4566: character represented by universal-character-name '\u0440' cannot be represented in the current code page (1252)
C:\Users\Oleg\source\repos\Lab9.3\Lab9.3\Lab9.3.cpp(126,4): warning C4566: character represented by universal-character-name '\u0448' cannot be represented in the current code page (1252)
C:\Users\Oleg\source\repos\Lab9.3\Lab9.3\Lab9.3.cpp(126,4): warning C4566: character represented by universal-character-name '\u0443' cannot be represented in the current code page (1252)
C:\Users\Oleg\source\repos\Lab9.3\Lab9.3\Lab9.3.cpp(169,10): warning C4566: character represented by universal-character-name '\u2116' cannot be represented in the current code page (1252)
C:\Users\Oleg\source\repos\Lab9.3\Lab9.3\Lab9.3.cpp(170,23): warning C4018: '<': signed/unsigned mismatch
C:\Users\Oleg\source\repos\Lab9.3\Lab9.3\Lab9.3.cpp(224,24): warning C4018: '<': signed/unsigned mismatch
C:\Users\Oleg\source\repos\Lab9.3\Lab9.3\Lab9.3.cpp(242,24): warning C4018: '<': signed/unsigned mismatch
C:\Users\Oleg\source\repos\Lab9.3\Lab9.3\Lab9.3.cpp(268,10): warning C4566: character represented by universal-character-name '\u2116' cannot be represented in the current code page (1252)
C:\Users\Oleg\source\repos\Lab9.3\Lab9.3\Lab9.3.cpp(269,23): warning C4018: '<': signed/unsigned mismatch
C:\Users\Oleg\source\repos\Lab9.3\Lab9.3\Lab9.3.cpp(271,35): warning C4018: '>': signed/unsigned mismatch
  Lab9.3.vcxproj -> C:\Users\Oleg\source\repos\Lab9.3\Debug\Lab9.3.exe
